Performing C SOURCE FILE Test CMAKE_HAVE_LIBC_PTHREAD failed with the following output:
Change Dir: /home/alon/Documents/studies/Computer science/OS/ex2th/cmake-build-debug/CMakeFiles/CMakeTmp

Run Build Command(s):/usr/bin/make cmTC_01066/fast && /usr/bin/make -f CMakeFiles/cmTC_01066.dir/build.make CMakeFiles/cmTC_01066.dir/build
make[1]: Entering directory '/home/alon/Documents/studies/Computer science/OS/ex2th/cmake-build-debug/CMakeFiles/CMakeTmp'
Building C object CMakeFiles/cmTC_01066.dir/src.c.o
/usr/bin/cc   -DCMAKE_HAVE_LIBC_PTHREAD   -o CMakeFiles/cmTC_01066.dir/src.c.o   -c "/home/alon/Documents/studies/Computer science/OS/ex2th/cmake-build-debug/CMakeFiles/CMakeTmp/src.c"
Linking C executable cmTC_01066
/usr/local/bin/cmake -E cmake_link_script CMakeFiles/cmTC_01066.dir/link.txt --verbose=1
/usr/bin/cc  -DCMAKE_HAVE_LIBC_PTHREAD    -rdynamic CMakeFiles/cmTC_01066.dir/src.c.o  -o cmTC_01066 
CMakeFiles/cmTC_01066.dir/src.c.o: In function `main':
src.c:(.text+0x3e): undefined reference to `pthread_create'
src.c:(.text+0x4a): undefined reference to `pthread_detach'
src.c:(.text+0x5b): undefined reference to `pthread_join'
src.c:(.text+0x6f): undefined reference to `pthread_atfork'
collect2: error: ld returned 1 exit status
CMakeFiles/cmTC_01066.dir/build.make:86: recipe for target 'cmTC_01066' failed
make[1]: *** [cmTC_01066] Error 1
make[1]: Leaving directory '/home/alon/Documents/studies/Computer science/OS/ex2th/cmake-build-debug/CMakeFiles/CMakeTmp'
Makefile:121: recipe for target 'cmTC_01066/fast' failed
make: *** [cmTC_01066/fast] Error 2


Source file was:
#include <pthread.h>

void* test_func(void* data)
{
  return data;
}

int main(void)
{
  pthread_t thread;
  pthread_create(&thread, NULL, test_func, NULL);
  pthread_detach(thread);
  pthread_join(thread, NULL);
  pthread_atfork(NULL, NULL, NULL);
  pthread_exit(NULL);

  return 0;
}

Determining if the function pthread_create exists in the pthreads failed with the following output:
Change Dir: /home/alon/Documents/studies/Computer science/OS/ex2th/cmake-build-debug/CMakeFiles/CMakeTmp

Run Build Command(s):/usr/bin/make cmTC_57c8e/fast && /usr/bin/make -f CMakeFiles/cmTC_57c8e.dir/build.make CMakeFiles/cmTC_57c8e.dir/build
make[1]: Entering directory '/home/alon/Documents/studies/Computer science/OS/ex2th/cmake-build-debug/CMakeFiles/CMakeTmp'
Building C object CMakeFiles/cmTC_57c8e.dir/CheckFunctionExists.c.o
/usr/bin/cc   -DCHECK_FUNCTION_EXISTS=pthread_create   -o CMakeFiles/cmTC_57c8e.dir/CheckFunctionExists.c.o   -c /usr/local/share/cmake-3.15/Modules/CheckFunctionExists.c
Linking C executable cmTC_57c8e
/usr/local/bin/cmake -E cmake_link_script CMakeFiles/cmTC_57c8e.dir/link.txt --verbose=1
/usr/bin/cc  -DCHECK_FUNCTION_EXISTS=pthread_create    -rdynamic CMakeFiles/cmTC_57c8e.dir/CheckFunctionExists.c.o  -o cmTC_57c8e -lpthreads 
/usr/bin/ld: cannot find -lpthreads
collect2: error: ld returned 1 exit status
CMakeFiles/cmTC_57c8e.dir/build.make:86: recipe for target 'cmTC_57c8e' failed
make[1]: *** [cmTC_57c8e] Error 1
make[1]: Leaving directory '/home/alon/Documents/studies/Computer science/OS/ex2th/cmake-build-debug/CMakeFiles/CMakeTmp'
Makefile:121: recipe for target 'cmTC_57c8e/fast' failed
make: *** [cmTC_57c8e/fast] Error 2



Determining if the pthread_create exist failed with the following output:
Change Dir: /home/alon/Documents/studies/Computer science/OS/ex2th/cmake-build-debug/CMakeFiles/CMakeTmp

Run Build Command(s):/usr/bin/make cmTC_52259/fast 
/usr/bin/make -f CMakeFiles/cmTC_52259.dir/build.make CMakeFiles/cmTC_52259.dir/build
make[1]: Entering directory '/home/alon/Documents/studies/Computer science/OS/ex2th/cmake-build-debug/CMakeFiles/CMakeTmp'
Building C object CMakeFiles/cmTC_52259.dir/CheckSymbolExists.c.o
/usr/bin/cc    -o CMakeFiles/cmTC_52259.dir/CheckSymbolExists.c.o   -c "/home/alon/Documents/studies/Computer science/OS/ex2th/cmake-build-debug/CMakeFiles/CMakeTmp/CheckSymbolExists.c"
Linking C executable cmTC_52259
/home/alon/installations/CLion-2019.1.4/clion-2019.1.4/bin/cmake/linux/bin/cmake -E cmake_link_script CMakeFiles/cmTC_52259.dir/link.txt --verbose=1
/usr/bin/cc      -rdynamic CMakeFiles/cmTC_52259.dir/CheckSymbolExists.c.o  -o cmTC_52259 
CMakeFiles/cmTC_52259.dir/CheckSymbolExists.c.o: In function `main':
CheckSymbolExists.c:(.text+0x1b): undefined reference to `pthread_create'
collect2: error: ld returned 1 exit status
CMakeFiles/cmTC_52259.dir/build.make:86: recipe for target 'cmTC_52259' failed
make[1]: *** [cmTC_52259] Error 1
make[1]: Leaving directory '/home/alon/Documents/studies/Computer science/OS/ex2th/cmake-build-debug/CMakeFiles/CMakeTmp'
Makefile:121: recipe for target 'cmTC_52259/fast' failed
make: *** [cmTC_52259/fast] Error 2

File /home/alon/Documents/studies/Computer science/OS/ex2th/cmake-build-debug/CMakeFiles/CMakeTmp/CheckSymbolExists.c:
/* */
#include <pthread.h>

int main(int argc, char** argv)
{
  (void)argv;
#ifndef pthread_create
  return ((int*)(&pthread_create))[argc];
#else
  (void)argc;
  return 0;
#endif
}

